<?xml version="1.0" encoding="UTF-8" ?>
<testsuite tests="1" failures="0" name="zrx.com.leetcode.UtilsTest.QuickSort2Test" time="0" errors="0" skipped="0">
  <properties>
    <property name="java.runtime.name" value="Java(TM) SE Runtime Environment"/>
    <property name="java.vm.version" value="12.0.1+12"/>
    <property name="sun.boot.library.path" value="D:\program\jdk-12.0.1\bin"/>
    <property name="maven.multiModuleProjectDirectory" value="D:\Documents\GitHub\JavaLearning\DataStructuresAndAlgorithms"/>
    <property name="java.vm.vendor" value="Oracle Corporation"/>
    <property name="java.vendor.url" value="https://java.oracle.com/"/>
    <property name="guice.disable.misplaced.annotation.check" value="true"/>
    <property name="path.separator" value=";"/>
    <property name="java.vm.name" value="Java HotSpot(TM) 64-Bit Server VM"/>
    <property name="sun.os.patch.level" value=""/>
    <property name="user.script" value=""/>
    <property name="user.country" value="CN"/>
    <property name="sun.java.launcher" value="SUN_STANDARD"/>
    <property name="java.vm.specification.name" value="Java Virtual Machine Specification"/>
    <property name="user.dir" value="D:\Documents\GitHub\JavaLearning\DataStructuresAndAlgorithms"/>
    <property name="java.vm.compressedOopsMode" value="Zero based"/>
    <property name="java.runtime.version" value="12.0.1+12"/>
    <property name="java.awt.graphicsenv" value="sun.awt.Win32GraphicsEnvironment"/>
    <property name="os.arch" value="amd64"/>
    <property name="java.io.tmpdir" value="C:\Users\madokast\AppData\Local\Temp\"/>
    <property name="line.separator" value="
"/>
    <property name="java.vm.specification.vendor" value="Oracle Corporation"/>
    <property name="user.variant" value=""/>
    <property name="os.name" value="Windows 10"/>
    <property name="archetypeCatalog" value="internal"/>
    <property name="classworlds.conf" value="D:\program\apache-maven-3.5.2\bin\m2.conf"/>
    <property name="sun.jnu.encoding" value="GBK"/>
    <property name="java.library.path" value="D:\program\jdk-12.0.1\bin;C:\WINDOWS\Sun\Java\bin;C:\WINDOWS\system32;C:\WINDOWS;D:\Program Files\JetBrains\IntelliJ IDEA 2019.1.3\jre64\\bin;D:\Program Files\JetBrains\IntelliJ IDEA 2019.1.3\jre64\\bin\server;C:\Program Files (x86)\Common Files\Oracle\Java\javapath;D:\program\jdk1.8.0_221\bin;D:\program\apache-maven-3.5.2\bin;C:\WINDOWS\system32;C:\WINDOWS;C:\WINDOWS\System32\Wbem;C:\WINDOWS\System32\WindowsPowerShell\v1.0\;C:\WINDOWS\System32\OpenSSH\;D:\Program Files\Git\cmd;D:\Program Files\MySQL\MySQL Server 5.5\bin;D:\program\CTEX\UserData\miktex\bin;D:\program\CTEX\MiKTeX\miktex\bin;D:\program\CTEX\CTeX\ctex\bin;D:\program\CTEX\CTeX\cct\bin;D:\program\CTEX\CTeX\ty\bin;D:\program\CTEX\Ghostscript\gs9.05\bin;D:\program\CTEX\GSview\gsview;D:\program\CTEX\WinEdt;C:\Users\madokast\AppData\Local\Programs\Python\Python37-32\Scripts\;C:\Users\madokast\AppData\Local\Programs\Python\Python37-32\;C:\Users\madokast\AppData\Local\Microsoft\WindowsApps;C:\Users\madokast\AppData\Local\GitHubDesktop\bin;C:\Users\madokast\AppData\Local\Microsoft\WindowsApps;D:\program\texlive\2019\bin\win32;."/>
    <property name="maven.conf" value="D:\program\apache-maven-3.5.2/conf"/>
    <property name="jdk.debug" value="release"/>
    <property name="java.class.version" value="56.0"/>
    <property name="java.specification.name" value="Java Platform API Specification"/>
    <property name="sun.management.compiler" value="HotSpot 64-Bit Tiered Compilers"/>
    <property name="os.version" value="10.0"/>
    <property name="user.home" value="C:\Users\madokast"/>
    <property name="user.timezone" value="Asia/Shanghai"/>
    <property name="file.encoding" value="GB2312"/>
    <property name="java.specification.version" value="12"/>
    <property name="user.name" value="madokast"/>
    <property name="java.class.path" value="D:\program\apache-maven-3.5.2\boot\plexus-classworlds-2.5.2.jar"/>
    <property name="java.vm.specification.version" value="12"/>
    <property name="sun.arch.data.model" value="64"/>
    <property name="sun.java.command" value="org.codehaus.classworlds.Launcher -Didea.version2019.1.4 -s D:\program\apache-maven-3.5.2\conf\settings.xml install"/>
    <property name="java.home" value="D:\program\jdk-12.0.1"/>
    <property name="user.language" value="zh"/>
    <property name="java.specification.vendor" value="Oracle Corporation"/>
    <property name="idea.version2019.1.4" value="true"/>
    <property name="awt.toolkit" value="sun.awt.windows.WToolkit"/>
    <property name="java.vm.info" value="mixed mode, sharing"/>
    <property name="java.version" value="12.0.1"/>
    <property name="java.vendor" value="Oracle Corporation"/>
    <property name="maven.home" value="D:\program\apache-maven-3.5.2"/>
    <property name="file.separator" value="\"/>
    <property name="java.version.date" value="2019-04-16"/>
    <property name="java.vendor.url.bug" value="https://bugreport.java.com/bugreport/"/>
    <property name="sun.io.unicode.encoding" value="UnicodeLittle"/>
    <property name="sun.cpu.endian" value="little"/>
    <property name="sun.desktop" value="windows"/>
    <property name="sun.cpu.isalist" value="amd64"/>
  </properties>
  <testcase classname="zrx.com.leetcode.UtilsTest.QuickSort2Test" name="test" time="0"/>
</testsuite>