<?xml version="1.0" encoding="UTF-8"?>
<testsuite xmlns:xsi="http://www.w3.org/2001/XMLSchema-instance" xsi:noNamespaceSchemaLocation="https://maven.apache.org/surefire/maven-surefire-plugin/xsd/surefire-test-report.xsd" name="com.zrx.ComponetTest.Test01" time="2.705" tests="1" errors="0" skipped="0" failures="0">
  <properties>
    <property name="sun.desktop" value="windows"/>
    <property name="awt.toolkit" value="sun.awt.windows.WToolkit"/>
    <property name="file.encoding.pkg" value="sun.io"/>
    <property name="java.specification.version" value="1.8"/>
    <property name="sun.cpu.isalist" value="pentium_pro+mmx pentium_pro pentium+mmx pentium i486 i386 i86"/>
    <property name="sun.jnu.encoding" value="GBK"/>
    <property name="java.class.path" value="D:\Documents\GitHub\JavaLearning\Others\SSM01\target\test-classes;D:\Documents\GitHub\JavaLearning\Others\SSM01\target\classes;D:\Documents\GitHub\JavaLearning\maven_repository\org\springframework\spring-context\5.0.2.RELEASE\spring-context-5.0.2.RELEASE.jar;D:\Documents\GitHub\JavaLearning\maven_repository\org\springframework\spring-beans\5.0.2.RELEASE\spring-beans-5.0.2.RELEASE.jar;D:\Documents\GitHub\JavaLearning\maven_repository\org\springframework\spring-core\5.0.2.RELEASE\spring-core-5.0.2.RELEASE.jar;D:\Documents\GitHub\JavaLearning\maven_repository\org\springframework\spring-jcl\5.0.2.RELEASE\spring-jcl-5.0.2.RELEASE.jar;D:\Documents\GitHub\JavaLearning\maven_repository\org\springframework\spring-expression\5.0.2.RELEASE\spring-expression-5.0.2.RELEASE.jar;D:\Documents\GitHub\JavaLearning\maven_repository\org\springframework\spring-web\5.0.2.RELEASE\spring-web-5.0.2.RELEASE.jar;D:\Documents\GitHub\JavaLearning\maven_repository\org\springframework\spring-webmvc\5.0.2.RELEASE\spring-webmvc-5.0.2.RELEASE.jar;D:\Documents\GitHub\JavaLearning\maven_repository\org\springframework\spring-aop\5.0.2.RELEASE\spring-aop-5.0.2.RELEASE.jar;D:\Documents\GitHub\JavaLearning\maven_repository\org\springframework\spring-test\5.0.2.RELEASE\spring-test-5.0.2.RELEASE.jar;D:\Documents\GitHub\JavaLearning\maven_repository\org\springframework\spring-tx\5.0.2.RELEASE\spring-tx-5.0.2.RELEASE.jar;D:\Documents\GitHub\JavaLearning\maven_repository\org\springframework\spring-jdbc\5.0.2.RELEASE\spring-jdbc-5.0.2.RELEASE.jar;D:\Documents\GitHub\JavaLearning\maven_repository\javax\servlet\javax.servlet-api\3.1.0\javax.servlet-api-3.1.0.jar;D:\Documents\GitHub\JavaLearning\maven_repository\javax\servlet\jsp\jsp-api\2.0\jsp-api-2.0.jar;D:\Documents\GitHub\JavaLearning\maven_repository\javax\servlet\jstl\1.2\jstl-1.2.jar;D:\Documents\GitHub\JavaLearning\maven_repository\junit\junit\4.12\junit-4.12.jar;D:\Documents\GitHub\JavaLearning\maven_repository\org\hamcrest\hamcrest-core\1.3\hamcrest-core-1.3.jar;D:\Documents\GitHub\JavaLearning\maven_repository\log4j\log4j\1.2.12\log4j-1.2.12.jar;D:\Documents\GitHub\JavaLearning\maven_repository\org\slf4j\slf4j-api\1.6.6\slf4j-api-1.6.6.jar;D:\Documents\GitHub\JavaLearning\maven_repository\org\slf4j\slf4j-log4j12\1.6.6\slf4j-log4j12-1.6.6.jar;D:\Documents\GitHub\JavaLearning\maven_repository\com\fasterxml\jackson\core\jackson-annotations\2.9.0\jackson-annotations-2.9.0.jar;D:\Documents\GitHub\JavaLearning\maven_repository\com\fasterxml\jackson\core\jackson-core\2.9.0\jackson-core-2.9.0.jar;D:\Documents\GitHub\JavaLearning\maven_repository\com\fasterxml\jackson\core\jackson-databind\2.9.0\jackson-databind-2.9.0.jar;D:\Documents\GitHub\JavaLearning\maven_repository\commons-fileupload\commons-fileupload\1.3.1\commons-fileupload-1.3.1.jar;D:\Documents\GitHub\JavaLearning\maven_repository\commons-io\commons-io\2.4\commons-io-2.4.jar;D:\Documents\GitHub\JavaLearning\maven_repository\com\sun\jersey\jersey-client\1.18.1\jersey-client-1.18.1.jar;D:\Documents\GitHub\JavaLearning\maven_repository\com\sun\jersey\jersey-core\1.18.1\jersey-core-1.18.1.jar;D:\Documents\GitHub\JavaLearning\maven_repository\org\aspectj\aspectjweaver\1.6.8\aspectjweaver-1.6.8.jar;D:\Documents\GitHub\JavaLearning\maven_repository\mysql\mysql-connector-java\5.1.6\mysql-connector-java-5.1.6.jar;D:\Documents\GitHub\JavaLearning\maven_repository\org\mybatis\mybatis\3.4.5\mybatis-3.4.5.jar;D:\Documents\GitHub\JavaLearning\maven_repository\org\mybatis\mybatis-spring\1.3.2\mybatis-spring-1.3.2.jar;D:\Documents\GitHub\JavaLearning\maven_repository\com\mchange\c3p0\0.9.5.2\c3p0-0.9.5.2.jar;D:\Documents\GitHub\JavaLearning\maven_repository\com\mchange\mchange-commons-java\0.2.11\mchange-commons-java-0.2.11.jar;"/>
    <property name="java.vm.vendor" value="Oracle Corporation"/>
    <property name="sun.arch.data.model" value="32"/>
    <property name="user.variant" value=""/>
    <property name="java.vendor.url" value="http://java.oracle.com/"/>
    <property name="user.timezone" value="Asia/Shanghai"/>
    <property name="java.vm.specification.version" value="1.8"/>
    <property name="os.name" value="Windows 10"/>
    <property name="user.country" value="CN"/>
    <property name="sun.java.launcher" value="SUN_STANDARD"/>
    <property name="sun.boot.library.path" value="D:\program\jdk1.8.0_221\jre\bin"/>
    <property name="sun.java.command" value="C:\Users\madokast\AppData\Local\Temp\surefire8779944770778661143\surefirebooter1134651493527972042.jar C:\Users\madokast\AppData\Local\Temp\surefire8779944770778661143 2019-10-28T08-57-17_932-jvmRun1 surefire4385294368309173705tmp surefire_07044512372977114179tmp"/>
    <property name="surefire.test.class.path" value="D:\Documents\GitHub\JavaLearning\Others\SSM01\target\test-classes;D:\Documents\GitHub\JavaLearning\Others\SSM01\target\classes;D:\Documents\GitHub\JavaLearning\maven_repository\org\springframework\spring-context\5.0.2.RELEASE\spring-context-5.0.2.RELEASE.jar;D:\Documents\GitHub\JavaLearning\maven_repository\org\springframework\spring-beans\5.0.2.RELEASE\spring-beans-5.0.2.RELEASE.jar;D:\Documents\GitHub\JavaLearning\maven_repository\org\springframework\spring-core\5.0.2.RELEASE\spring-core-5.0.2.RELEASE.jar;D:\Documents\GitHub\JavaLearning\maven_repository\org\springframework\spring-jcl\5.0.2.RELEASE\spring-jcl-5.0.2.RELEASE.jar;D:\Documents\GitHub\JavaLearning\maven_repository\org\springframework\spring-expression\5.0.2.RELEASE\spring-expression-5.0.2.RELEASE.jar;D:\Documents\GitHub\JavaLearning\maven_repository\org\springframework\spring-web\5.0.2.RELEASE\spring-web-5.0.2.RELEASE.jar;D:\Documents\GitHub\JavaLearning\maven_repository\org\springframework\spring-webmvc\5.0.2.RELEASE\spring-webmvc-5.0.2.RELEASE.jar;D:\Documents\GitHub\JavaLearning\maven_repository\org\springframework\spring-aop\5.0.2.RELEASE\spring-aop-5.0.2.RELEASE.jar;D:\Documents\GitHub\JavaLearning\maven_repository\org\springframework\spring-test\5.0.2.RELEASE\spring-test-5.0.2.RELEASE.jar;D:\Documents\GitHub\JavaLearning\maven_repository\org\springframework\spring-tx\5.0.2.RELEASE\spring-tx-5.0.2.RELEASE.jar;D:\Documents\GitHub\JavaLearning\maven_repository\org\springframework\spring-jdbc\5.0.2.RELEASE\spring-jdbc-5.0.2.RELEASE.jar;D:\Documents\GitHub\JavaLearning\maven_repository\javax\servlet\javax.servlet-api\3.1.0\javax.servlet-api-3.1.0.jar;D:\Documents\GitHub\JavaLearning\maven_repository\javax\servlet\jsp\jsp-api\2.0\jsp-api-2.0.jar;D:\Documents\GitHub\JavaLearning\maven_repository\javax\servlet\jstl\1.2\jstl-1.2.jar;D:\Documents\GitHub\JavaLearning\maven_repository\junit\junit\4.12\junit-4.12.jar;D:\Documents\GitHub\JavaLearning\maven_repository\org\hamcrest\hamcrest-core\1.3\hamcrest-core-1.3.jar;D:\Documents\GitHub\JavaLearning\maven_repository\log4j\log4j\1.2.12\log4j-1.2.12.jar;D:\Documents\GitHub\JavaLearning\maven_repository\org\slf4j\slf4j-api\1.6.6\slf4j-api-1.6.6.jar;D:\Documents\GitHub\JavaLearning\maven_repository\org\slf4j\slf4j-log4j12\1.6.6\slf4j-log4j12-1.6.6.jar;D:\Documents\GitHub\JavaLearning\maven_repository\com\fasterxml\jackson\core\jackson-annotations\2.9.0\jackson-annotations-2.9.0.jar;D:\Documents\GitHub\JavaLearning\maven_repository\com\fasterxml\jackson\core\jackson-core\2.9.0\jackson-core-2.9.0.jar;D:\Documents\GitHub\JavaLearning\maven_repository\com\fasterxml\jackson\core\jackson-databind\2.9.0\jackson-databind-2.9.0.jar;D:\Documents\GitHub\JavaLearning\maven_repository\commons-fileupload\commons-fileupload\1.3.1\commons-fileupload-1.3.1.jar;D:\Documents\GitHub\JavaLearning\maven_repository\commons-io\commons-io\2.4\commons-io-2.4.jar;D:\Documents\GitHub\JavaLearning\maven_repository\com\sun\jersey\jersey-client\1.18.1\jersey-client-1.18.1.jar;D:\Documents\GitHub\JavaLearning\maven_repository\com\sun\jersey\jersey-core\1.18.1\jersey-core-1.18.1.jar;D:\Documents\GitHub\JavaLearning\maven_repository\org\aspectj\aspectjweaver\1.6.8\aspectjweaver-1.6.8.jar;D:\Documents\GitHub\JavaLearning\maven_repository\mysql\mysql-connector-java\5.1.6\mysql-connector-java-5.1.6.jar;D:\Documents\GitHub\JavaLearning\maven_repository\org\mybatis\mybatis\3.4.5\mybatis-3.4.5.jar;D:\Documents\GitHub\JavaLearning\maven_repository\org\mybatis\mybatis-spring\1.3.2\mybatis-spring-1.3.2.jar;D:\Documents\GitHub\JavaLearning\maven_repository\com\mchange\c3p0\0.9.5.2\c3p0-0.9.5.2.jar;D:\Documents\GitHub\JavaLearning\maven_repository\com\mchange\mchange-commons-java\0.2.11\mchange-commons-java-0.2.11.jar;"/>
    <property name="sun.cpu.endian" value="little"/>
    <property name="user.home" value="C:\Users\madokast"/>
    <property name="user.language" value="zh"/>
    <property name="java.specification.vendor" value="Oracle Corporation"/>
    <property name="java.home" value="D:\program\jdk1.8.0_221\jre"/>
    <property name="basedir" value="D:\Documents\GitHub\JavaLearning\Others\SSM01"/>
    <property name="file.separator" value="\"/>
    <property name="line.separator" value="&#10;"/>
    <property name="java.vm.specification.vendor" value="Oracle Corporation"/>
    <property name="java.specification.name" value="Java Platform API Specification"/>
    <property name="java.awt.graphicsenv" value="sun.awt.Win32GraphicsEnvironment"/>
    <property name="surefire.real.class.path" value="C:\Users\madokast\AppData\Local\Temp\surefire8779944770778661143\surefirebooter1134651493527972042.jar"/>
    <property name="sun.boot.class.path" value="D:\program\jdk1.8.0_221\jre\lib\resources.jar;D:\program\jdk1.8.0_221\jre\lib\rt.jar;D:\program\jdk1.8.0_221\jre\lib\sunrsasign.jar;D:\program\jdk1.8.0_221\jre\lib\jsse.jar;D:\program\jdk1.8.0_221\jre\lib\jce.jar;D:\program\jdk1.8.0_221\jre\lib\charsets.jar;D:\program\jdk1.8.0_221\jre\lib\jfr.jar;D:\program\jdk1.8.0_221\jre\classes"/>
    <property name="user.script" value=""/>
    <property name="sun.management.compiler" value="HotSpot Client Compiler"/>
    <property name="java.runtime.version" value="1.8.0_221-b11"/>
    <property name="user.name" value="madokast"/>
    <property name="path.separator" value=";"/>
    <property name="os.version" value="10.0"/>
    <property name="java.endorsed.dirs" value="D:\program\jdk1.8.0_221\jre\lib\endorsed"/>
    <property name="java.runtime.name" value="Java(TM) SE Runtime Environment"/>
    <property name="file.encoding" value="GBK"/>
    <property name="java.vm.name" value="Java HotSpot(TM) Client VM"/>
    <property name="localRepository" value="D:\Documents\GitHub\JavaLearning\maven_repository"/>
    <property name="java.vendor.url.bug" value="http://bugreport.sun.com/bugreport/"/>
    <property name="java.io.tmpdir" value="C:\Users\madokast\AppData\Local\Temp\"/>
    <property name="java.version" value="1.8.0_221"/>
    <property name="user.dir" value="D:\Documents\GitHub\JavaLearning\Others\SSM01"/>
    <property name="os.arch" value="x86"/>
    <property name="java.vm.specification.name" value="Java Virtual Machine Specification"/>
    <property name="java.awt.printerjob" value="sun.awt.windows.WPrinterJob"/>
    <property name="sun.os.patch.level" value=""/>
    <property name="java.library.path" value="D:\program\jdk1.8.0_221\jre\bin;C:\WINDOWS\Sun\Java\bin;C:\WINDOWS\system32;C:\WINDOWS;D:\Program Files\JetBrains\IntelliJ IDEA 2019.1.3\jre64\\bin;D:\Program Files\JetBrains\IntelliJ IDEA 2019.1.3\jre64\\bin\server;D:\program\jdk1.8.0_221\bin;D:\program\apache-maven-3.5.2\bin;C:\WINDOWS\system32;C:\WINDOWS;C:\WINDOWS\System32\Wbem;C:\WINDOWS\System32\WindowsPowerShell\v1.0\;C:\WINDOWS\System32\OpenSSH\;D:\Program Files\Git\cmd;D:\Program Files\MySQL\MySQL Server 5.5\bin;C:\Users\madokast\AppData\Local\Programs\Python\Python37-32\Scripts\;C:\Users\madokast\AppData\Local\Programs\Python\Python37-32\;C:\Users\madokast\AppData\Local\Microsoft\WindowsApps;C:\Users\madokast\AppData\Local\GitHubDesktop\bin;%USERPROFILE%\AppData\Local\Microsoft\WindowsApps;;."/>
    <property name="idea.version2019.1.4" value="true"/>
    <property name="java.vm.info" value="mixed mode"/>
    <property name="java.vendor" value="Oracle Corporation"/>
    <property name="java.vm.version" value="25.221-b11"/>
    <property name="java.ext.dirs" value="D:\program\jdk1.8.0_221\jre\lib\ext;C:\WINDOWS\Sun\Java\lib\ext"/>
    <property name="sun.io.unicode.encoding" value="UnicodeLittle"/>
    <property name="java.class.version" value="52.0"/>
  </properties>
  <testcase name="serviceTest" classname="com.zrx.ComponetTest.Test01" time="0.007"/>
</testsuite>